

Microchip MPLAB XC8 Assembler V2.32 build 20210201212658 
                                                                                               Tue May 25 17:14:50 2021

Microchip MPLAB XC8 C Compiler v2.32 (Free license) build 20210201212658 Og1 
     1                           	processor	16F15244
     2                           	pagewidth 120
     3                           	opt	flic
     4                           	psect	cinit,global,class=CODE,merge=1,delta=2
     5                           	psect	bssCOMMON,global,class=COMMON,space=1,delta=1,noexec
     6                           	psect	cstackCOMMON,global,class=COMMON,space=1,delta=1,noexec
     7                           	psect	maintext,global,class=CODE,merge=1,split=1,delta=2
     8                           	psect	text1,local,class=CODE,merge=1,delta=2
     9                           	psect	text2,local,class=CODE,merge=1,delta=2
    10                           	psect	config,global,abs,ovrld,class=CONFIG,space=4,delta=2,noexec
    11                           	dabs	1,0x7E,2
    12  0000                     
    13                           ; Version 2.20
    14                           ; Generated 30/04/2020 GMT
    15                           ; 
    16                           ; Copyright © 2020, Microchip Technology Inc. and its subsidiaries ("Microchip")
    17                           ; All rights reserved.
    18                           ; 
    19                           ; This software is developed by Microchip Technology Inc. and its subsidiaries ("Microch
      +                          ip").
    20                           ; 
    21                           ; Redistribution and use in source and binary forms, with or without modification, are
    22                           ; permitted provided that the following conditions are met:
    23                           ; 
    24                           ;     1. Redistributions of source code must retain the above copyright notice, this lis
      +                          t of
    25                           ;        conditions and the following disclaimer.
    26                           ; 
    27                           ;     2. Redistributions in binary form must reproduce the above copyright notice, this 
      +                          list
    28                           ;        of conditions and the following disclaimer in the documentation and/or other
    29                           ;        materials provided with the distribution.
    30                           ; 
    31                           ;     3. Microchip's name may not be used to endorse or promote products derived from th
      +                          is
    32                           ;        software without specific prior written permission.
    33                           ; 
    34                           ; THIS SOFTWARE IS PROVIDED BY MICROCHIP "AS IS" AND ANY EXPRESS OR IMPLIED WARRANTIES,
    35                           ; INCLUDING, BUT NOT LIMITED TO, THE IMPLIED WARRANTIES OF MERCHANTABILITY AND FITNESS F
      +                          OR
    36                           ; PURPOSE ARE DISCLAIMED.  IN NO EVENT SHALL MICROCHIP BE LIABLE FOR ANY DIRECT, INDIREC
      +                          T,
    37                           ; INCIDENTAL, SPECIAL, EXEMPLARY, OR CONSEQUENTIAL DAMAGES (INCLUDING BUT NOT LIMITED TO
    38                           ; PROCUREMENT OF SUBSTITUTE GOODS OR SERVICES; LOSS OF USE, DATA OR PROFITS; OR BUSINESS
    39                           ; INTERRUPTION) HOWSOEVER CAUSED AND ON ANY THEORY OF LIABILITY, WHETHER IN CONTRACT, ST
      +                          RICT
    40                           ; LIABILITY, OR TORT (INCLUDING NEGLIGENCE OR OTHERWISE) ARISING IN ANY WAY OUT OF THE U
      +                          SE OF
    41                           ; THIS SOFTWARE, EVEN IF ADVISED OF THE POSSIBILITY OF SUCH DAMAGE.
    42                           ; 
    43                           ; 
    44                           ; Code-generator required, PIC16F15244 Definitions
    45                           ; 
    46                           ; SFR Addresses
    47  0000                     	;# 
    48  0001                     	;# 
    49  0002                     	;# 
    50  0003                     	;# 
    51  0004                     	;# 
    52  0005                     	;# 
    53  0006                     	;# 
    54  0007                     	;# 
    55  0008                     	;# 
    56  0009                     	;# 
    57  000A                     	;# 
    58  000B                     	;# 
    59  000C                     	;# 
    60  000D                     	;# 
    61  000E                     	;# 
    62  0012                     	;# 
    63  0013                     	;# 
    64  0014                     	;# 
    65  0018                     	;# 
    66  0019                     	;# 
    67  001A                     	;# 
    68  009A                     	;# 
    69  009B                     	;# 
    70  009B                     	;# 
    71  009C                     	;# 
    72  009D                     	;# 
    73  009E                     	;# 
    74  009F                     	;# 
    75  010C                     	;# 
    76  010D                     	;# 
    77  0119                     	;# 
    78  011A                     	;# 
    79  011B                     	;# 
    80  011B                     	;# 
    81  011C                     	;# 
    82  011D                     	;# 
    83  011E                     	;# 
    84  011F                     	;# 
    85  018C                     	;# 
    86  018D                     	;# 
    87  018E                     	;# 
    88  018F                     	;# 
    89  0190                     	;# 
    90  0191                     	;# 
    91  0192                     	;# 
    92  020C                     	;# 
    93  020D                     	;# 
    94  020E                     	;# 
    95  020E                     	;# 
    96  020F                     	;# 
    97  020F                     	;# 
    98  0210                     	;# 
    99  0210                     	;# 
   100  0211                     	;# 
   101  0211                     	;# 
   102  028C                     	;# 
   103  028C                     	;# 
   104  028D                     	;# 
   105  028D                     	;# 
   106  028E                     	;# 
   107  028F                     	;# 
   108  0290                     	;# 
   109  0291                     	;# 
   110  030C                     	;# 
   111  030C                     	;# 
   112  030D                     	;# 
   113  030E                     	;# 
   114  030F                     	;# 
   115  0310                     	;# 
   116  0310                     	;# 
   117  0311                     	;# 
   118  0312                     	;# 
   119  0313                     	;# 
   120  0314                     	;# 
   121  0314                     	;# 
   122  0315                     	;# 
   123  0316                     	;# 
   124  0318                     	;# 
   125  0318                     	;# 
   126  0319                     	;# 
   127  031A                     	;# 
   128  059C                     	;# 
   129  059C                     	;# 
   130  059D                     	;# 
   131  059D                     	;# 
   132  059E                     	;# 
   133  059F                     	;# 
   134  070C                     	;# 
   135  070D                     	;# 
   136  070E                     	;# 
   137  0716                     	;# 
   138  0717                     	;# 
   139  0718                     	;# 
   140  080C                     	;# 
   141  0811                     	;# 
   142  0813                     	;# 
   143  0814                     	;# 
   144  081A                     	;# 
   145  081A                     	;# 
   146  081B                     	;# 
   147  081C                     	;# 
   148  081C                     	;# 
   149  081D                     	;# 
   150  081E                     	;# 
   151  081F                     	;# 
   152  088E                     	;# 
   153  0890                     	;# 
   154  0891                     	;# 
   155  0892                     	;# 
   156  0893                     	;# 
   157  090C                     	;# 
   158  1E8F                     	;# 
   159  1E90                     	;# 
   160  1E91                     	;# 
   161  1E92                     	;# 
   162  1E93                     	;# 
   163  1E9C                     	;# 
   164  1EA1                     	;# 
   165  1EA2                     	;# 
   166  1EC3                     	;# 
   167  1EC5                     	;# 
   168  1EC6                     	;# 
   169  1EC7                     	;# 
   170  1ECB                     	;# 
   171  1ECB                     	;# 
   172  1ECB                     	;# 
   173  1ECC                     	;# 
   174  1ECC                     	;# 
   175  1ECC                     	;# 
   176  1F10                     	;# 
   177  1F11                     	;# 
   178  1F12                     	;# 
   179  1F14                     	;# 
   180  1F15                     	;# 
   181  1F1C                     	;# 
   182  1F1D                     	;# 
   183  1F1E                     	;# 
   184  1F1F                     	;# 
   185  1F20                     	;# 
   186  1F21                     	;# 
   187  1F22                     	;# 
   188  1F23                     	;# 
   189  1F24                     	;# 
   190  1F25                     	;# 
   191  1F26                     	;# 
   192  1F27                     	;# 
   193  1F38                     	;# 
   194  1F39                     	;# 
   195  1F3A                     	;# 
   196  1F3B                     	;# 
   197  1F3C                     	;# 
   198  1F3D                     	;# 
   199  1F3E                     	;# 
   200  1F3F                     	;# 
   201  1F43                     	;# 
   202  1F44                     	;# 
   203  1F45                     	;# 
   204  1F46                     	;# 
   205  1F47                     	;# 
   206  1F48                     	;# 
   207  1F49                     	;# 
   208  1F4A                     	;# 
   209  1F4E                     	;# 
   210  1F4F                     	;# 
   211  1F50                     	;# 
   212  1F51                     	;# 
   213  1F52                     	;# 
   214  1F53                     	;# 
   215  1F54                     	;# 
   216  1F55                     	;# 
   217  1FE4                     	;# 
   218  1FE5                     	;# 
   219  1FE6                     	;# 
   220  1FE7                     	;# 
   221  1FE8                     	;# 
   222  1FE8                     	;# 
   223  1FE9                     	;# 
   224  1FEA                     	;# 
   225  1FEB                     	;# 
   226  1FED                     	;# 
   227  1FEE                     	;# 
   228  1FEF                     	;# 
   229  000D                     _PORTBbits	set	13
   230  000E                     _PORTCbits	set	14
   231  0013                     _TRISBbits	set	19
   232  001A                     _LATC	set	26
   233  0019                     _LATB	set	25
   234  0018                     _LATA	set	24
   235  0014                     _TRISCbits	set	20
   236  011B                     _SP1BRG	set	283
   237  011A                     _TX1REG	set	282
   238  0119                     _RC1REG	set	281
   239  011D                     _RC1STAbits	set	285
   240  011E                     _TX1STAbits	set	286
   241  070D                     _PIR1bits	set	1805
   242  0892                     _OSCTUNE	set	2194
   243  0893                     _OSCFRQ	set	2195
   244  0891                     _OSCEN	set	2193
   245  1F38                     _ANSELA	set	7992
   246  1F43                     _ANSELB	set	8003
   247  1F4E                     _ANSELC	set	8014
   248                           
   249                           	psect	cinit
   250  07FB                     start_initialization:	
   251                           ; #config settings
   252                           
   253  07FB                     __initialization:
   254                           
   255                           ; Clear objects allocated to COMMON
   256  07FB  01F0               	clrf	__pbssCOMMON& (0+127)
   257  07FC  01F1               	clrf	(__pbssCOMMON+1)& (0+127)
   258  07FD                     end_of_initialization:	
   259                           ;End of C runtime variable initialization code
   260                           
   261  07FD                     __end_of__initialization:
   262  07FD  0140               	movlb	0
   263  07FE  3187  2F5F         	ljmp	_main	;jump to C main() function
   264                           
   265                           	psect	bssCOMMON
   266  0070                     __pbssCOMMON:
   267  0070                     _stop:
   268  0070                     	ds	2
   269                           
   270                           	psect	cstackCOMMON
   271  0072                     __pcstackCOMMON:
   272  0072                     ?_PIN_MANAGER_Initialize:
   273  0072                     ??_PIN_MANAGER_Initialize:	
   274                           ; 1 bytes @ 0x0
   275                           
   276  0072                     ?_OSCILLATOR_Initialize:	
   277                           ; 1 bytes @ 0x0
   278                           
   279  0072                     ??_OSCILLATOR_Initialize:	
   280                           ; 1 bytes @ 0x0
   281                           
   282  0072                     ?_main:	
   283                           ; 1 bytes @ 0x0
   284                           
   285  0072                     ??_main:	
   286                           ; 1 bytes @ 0x0
   287                           
   288                           
   289                           ; 1 bytes @ 0x0
   290  0072                     	ds	2
   291                           
   292                           	psect	maintext
   293  075F                     __pmaintext:	
   294 ;;
   295 ;;Main: autosize = 0, tempsize = 2, incstack = 0, save=0
   296 ;;
   297 ;; *************** function _main *****************
   298 ;; Defined at:
   299 ;;		line 90 in file "main.c"
   300 ;; Parameters:    Size  Location     Type
   301 ;;		None
   302 ;; Auto vars:     Size  Location     Type
   303 ;;  dato_rx         1    0        unsigned char 
   304 ;; Return value:  Size  Location     Type
   305 ;;                  1    wreg      void 
   306 ;; Registers used:
   307 ;;		wreg, status,2, status,0, pclath, cstack
   308 ;; Tracked objects:
   309 ;;		On entry : B3F/0
   310 ;;		On exit  : 0/0
   311 ;;		Unchanged: 0/0
   312 ;; Data sizes:     COMMON   BANK0   BANK1   BANK2   BANK3   BANK4   BANK5   BANK6
   313 ;;      Params:         0       0       0       0       0       0       0       0
   314 ;;      Locals:         0       0       0       0       0       0       0       0
   315 ;;      Temps:          2       0       0       0       0       0       0       0
   316 ;;      Totals:         2       0       0       0       0       0       0       0
   317 ;;Total ram usage:        2 bytes
   318 ;; Hardware stack levels required when called: 1
   319 ;; This function calls:
   320 ;;		_OSCILLATOR_Initialize
   321 ;;		_PIN_MANAGER_Initialize
   322 ;; This function is called by:
   323 ;;		Startup code after reset
   324 ;; This function uses a non-reentrant model
   325 ;;
   326                           
   327                           
   328                           ;psect for function _main
   329  075F                     _main:
   330  075F                     l640:	
   331                           ;incstack = 0
   332                           ; Regs used in _main: [wreg+status,2+status,0+pclath+cstack]
   333                           
   334                           
   335                           ;main.c: 92:     PIN_MANAGER_Initialize();
   336  075F  3187  274E  3187   	fcall	_PIN_MANAGER_Initialize
   337                           
   338                           ;main.c: 93:     OSCILLATOR_Initialize();
   339  0762  3187  2749  3187   	fcall	_OSCILLATOR_Initialize
   340  0765                     l642:
   341  0765                     l644:
   342                           
   343                           ;main.c: 101:         PORTCbits.RC5 = 1;
   344  0765  0140               	movlb	0	; select bank0
   345  0766  168E               	bsf	14,5	;volatile
   346  0767                     l646:
   347                           
   348                           ;main.c: 102:         PORTBbits.RB4 = 1;
   349  0767  160D               	bsf	13,4	;volatile
   350  0768                     l648:
   351                           
   352                           ;main.c: 103:         PORTCbits.RC6 = 1;
   353  0768  170E               	bsf	14,6	;volatile
   354  0769                     l650:
   355                           
   356                           ;main.c: 104:         _delay((unsigned long)((10000)*(1000000/4000.0)));
   357  0769  300D               	movlw	13
   358  076A  00F3               	movwf	??_main+1
   359  076B  30AF               	movlw	175
   360  076C  00F2               	movwf	??_main
   361  076D  30B6               	movlw	182
   362  076E                     u47:
   363  076E  0B89               	decfsz	9,f
   364  076F  2F6E               	goto	u47
   365  0770  0BF2               	decfsz	??_main,f
   366  0771  2F6E               	goto	u47
   367  0772  0BF3               	decfsz	??_main+1,f
   368  0773  2F6E               	goto	u47
   369  0774  3200               	nop2
   370  0775                     l652:
   371                           
   372                           ;main.c: 107:         PORTCbits.RC5 = 0;
   373  0775  0140               	movlb	0	; select bank0
   374  0776  128E               	bcf	14,5	;volatile
   375  0777                     l654:
   376                           
   377                           ;main.c: 108:         PORTBbits.RB4 = 0;
   378  0777  120D               	bcf	13,4	;volatile
   379  0778                     l656:
   380                           
   381                           ;main.c: 109:         PORTCbits.RC6 = 0;
   382  0778  130E               	bcf	14,6	;volatile
   383  0779                     l658:
   384                           
   385                           ;main.c: 110:         _delay((unsigned long)((1000)*(1000000/4000.0)));
   386  0779  3002               	movlw	2
   387  077A  00F3               	movwf	??_main+1
   388  077B  3045               	movlw	69
   389  077C  00F2               	movwf	??_main
   390  077D  30AA               	movlw	170
   391  077E                     u57:
   392  077E  0B89               	decfsz	9,f
   393  077F  2F7E               	goto	u57
   394  0780  0BF2               	decfsz	??_main,f
   395  0781  2F7E               	goto	u57
   396  0782  0BF3               	decfsz	??_main+1,f
   397  0783  2F7E               	goto	u57
   398  0784                     l660:
   399                           
   400                           ;main.c: 114:         PORTBbits.RB6 = 1;
   401  0784  0140               	movlb	0	; select bank0
   402  0785  170D               	bsf	13,6	;volatile
   403  0786                     l662:
   404                           
   405                           ;main.c: 115:         PORTCbits.RC4 = 1;
   406  0786  160E               	bsf	14,4	;volatile
   407  0787                     l664:
   408                           
   409                           ;main.c: 116:         PORTCbits.RC7 = 1;
   410  0787  178E               	bsf	14,7	;volatile
   411  0788                     l666:
   412                           
   413                           ;main.c: 117:         _delay((unsigned long)((10000)*(1000000/4000.0)));
   414  0788  300D               	movlw	13
   415  0789  00F3               	movwf	??_main+1
   416  078A  30AF               	movlw	175
   417  078B  00F2               	movwf	??_main
   418  078C  30B6               	movlw	182
   419  078D                     u67:
   420  078D  0B89               	decfsz	9,f
   421  078E  2F8D               	goto	u67
   422  078F  0BF2               	decfsz	??_main,f
   423  0790  2F8D               	goto	u67
   424  0791  0BF3               	decfsz	??_main+1,f
   425  0792  2F8D               	goto	u67
   426  0793  3200               	nop2
   427  0794                     l668:
   428                           
   429                           ;main.c: 120:         PORTBbits.RB6 = 0;
   430  0794  0140               	movlb	0	; select bank0
   431  0795  130D               	bcf	13,6	;volatile
   432  0796                     l670:
   433                           
   434                           ;main.c: 121:         PORTCbits.RC4 = 0;
   435  0796  120E               	bcf	14,4	;volatile
   436  0797                     l672:
   437                           
   438                           ;main.c: 122:         PORTCbits.RC7 = 1;
   439  0797  178E               	bsf	14,7	;volatile
   440  0798                     l674:
   441                           
   442                           ;main.c: 123:         _delay((unsigned long)((1000)*(1000000/4000.0)));
   443  0798  3002               	movlw	2
   444  0799  00F3               	movwf	??_main+1
   445  079A  3045               	movlw	69
   446  079B  00F2               	movwf	??_main
   447  079C  30AA               	movlw	170
   448  079D                     u77:
   449  079D  0B89               	decfsz	9,f
   450  079E  2F9D               	goto	u77
   451  079F  0BF2               	decfsz	??_main,f
   452  07A0  2F9D               	goto	u77
   453  07A1  0BF3               	decfsz	??_main+1,f
   454  07A2  2F9D               	goto	u77
   455  07A3                     l676:
   456                           
   457                           ;main.c: 127:         PORTBbits.RB4 = 1;
   458  07A3  0140               	movlb	0	; select bank0
   459  07A4  160D               	bsf	13,4	;volatile
   460  07A5                     l678:
   461                           
   462                           ;main.c: 128:         PORTCbits.RC4 = 1;
   463  07A5  160E               	bsf	14,4	;volatile
   464  07A6                     l680:
   465                           
   466                           ;main.c: 129:         _delay((unsigned long)((10000)*(1000000/4000.0)));
   467  07A6  300D               	movlw	13
   468  07A7  00F3               	movwf	??_main+1
   469  07A8  30AF               	movlw	175
   470  07A9  00F2               	movwf	??_main
   471  07AA  30B6               	movlw	182
   472  07AB                     u87:
   473  07AB  0B89               	decfsz	9,f
   474  07AC  2FAB               	goto	u87
   475  07AD  0BF2               	decfsz	??_main,f
   476  07AE  2FAB               	goto	u87
   477  07AF  0BF3               	decfsz	??_main+1,f
   478  07B0  2FAB               	goto	u87
   479  07B1  3200               	nop2
   480  07B2                     l682:
   481                           
   482                           ;main.c: 132:         PORTBbits.RB4 = 0;
   483  07B2  0140               	movlb	0	; select bank0
   484  07B3  120D               	bcf	13,4	;volatile
   485  07B4                     l684:
   486                           
   487                           ;main.c: 133:         PORTCbits.RC4 = 0;
   488  07B4  120E               	bcf	14,4	;volatile
   489  07B5                     l686:
   490                           
   491                           ;main.c: 134:         _delay((unsigned long)((1000)*(1000000/4000.0)));
   492  07B5  3002               	movlw	2
   493  07B6  00F3               	movwf	??_main+1
   494  07B7  3045               	movlw	69
   495  07B8  00F2               	movwf	??_main
   496  07B9  30AA               	movlw	170
   497  07BA                     u97:
   498  07BA  0B89               	decfsz	9,f
   499  07BB  2FBA               	goto	u97
   500  07BC  0BF2               	decfsz	??_main,f
   501  07BD  2FBA               	goto	u97
   502  07BE  0BF3               	decfsz	??_main+1,f
   503  07BF  2FBA               	goto	u97
   504  07C0                     l688:
   505                           
   506                           ;main.c: 138:         PORTBbits.RB6 = 1;
   507  07C0  0140               	movlb	0	; select bank0
   508  07C1  170D               	bsf	13,6	;volatile
   509  07C2                     l690:
   510                           
   511                           ;main.c: 139:         PORTCbits.RC5 = 1;
   512  07C2  168E               	bsf	14,5	;volatile
   513  07C3                     l692:
   514                           
   515                           ;main.c: 141:         _delay((unsigned long)((10000)*(1000000/4000.0)));
   516  07C3  300D               	movlw	13
   517  07C4  00F3               	movwf	??_main+1
   518  07C5  30AF               	movlw	175
   519  07C6  00F2               	movwf	??_main
   520  07C7  30B6               	movlw	182
   521  07C8                     u107:
   522  07C8  0B89               	decfsz	9,f
   523  07C9  2FC8               	goto	u107
   524  07CA  0BF2               	decfsz	??_main,f
   525  07CB  2FC8               	goto	u107
   526  07CC  0BF3               	decfsz	??_main+1,f
   527  07CD  2FC8               	goto	u107
   528  07CE  3200               	nop2
   529  07CF                     l694:
   530                           
   531                           ;main.c: 144:         PORTBbits.RB6 = 0;
   532  07CF  0140               	movlb	0	; select bank0
   533  07D0  130D               	bcf	13,6	;volatile
   534  07D1                     l696:
   535                           
   536                           ;main.c: 145:         PORTCbits.RC5 = 0;
   537  07D1  128E               	bcf	14,5	;volatile
   538  07D2                     l698:
   539                           
   540                           ;main.c: 146:         _delay((unsigned long)((1000)*(1000000/4000.0)));
   541  07D2  3002               	movlw	2
   542  07D3  00F3               	movwf	??_main+1
   543  07D4  3045               	movlw	69
   544  07D5  00F2               	movwf	??_main
   545  07D6  30AA               	movlw	170
   546  07D7                     u117:
   547  07D7  0B89               	decfsz	9,f
   548  07D8  2FD7               	goto	u117
   549  07D9  0BF2               	decfsz	??_main,f
   550  07DA  2FD7               	goto	u117
   551  07DB  0BF3               	decfsz	??_main+1,f
   552  07DC  2FD7               	goto	u117
   553  07DD                     l700:
   554                           
   555                           ;main.c: 150:         PORTBbits.RB7 = 1;
   556  07DD  0140               	movlb	0	; select bank0
   557  07DE  178D               	bsf	13,7	;volatile
   558  07DF                     l702:
   559                           
   560                           ;main.c: 151:         _delay((unsigned long)((10000)*(1000000/4000.0)));
   561  07DF  300D               	movlw	13
   562  07E0  00F3               	movwf	??_main+1
   563  07E1  30AF               	movlw	175
   564  07E2  00F2               	movwf	??_main
   565  07E3  30B6               	movlw	182
   566  07E4                     u127:
   567  07E4  0B89               	decfsz	9,f
   568  07E5  2FE4               	goto	u127
   569  07E6  0BF2               	decfsz	??_main,f
   570  07E7  2FE4               	goto	u127
   571  07E8  0BF3               	decfsz	??_main+1,f
   572  07E9  2FE4               	goto	u127
   573  07EA  3200               	nop2
   574  07EB                     l704:
   575                           
   576                           ;main.c: 153:         PORTBbits.RB7 = 0;
   577  07EB  0140               	movlb	0	; select bank0
   578  07EC  138D               	bcf	13,7	;volatile
   579  07ED                     l706:
   580                           
   581                           ;main.c: 154:         _delay((unsigned long)((1000)*(1000000/4000.0)));
   582  07ED  3002               	movlw	2
   583  07EE  00F3               	movwf	??_main+1
   584  07EF  3045               	movlw	69
   585  07F0  00F2               	movwf	??_main
   586  07F1  30AA               	movlw	170
   587  07F2                     u137:
   588  07F2  0B89               	decfsz	9,f
   589  07F3  2FF2               	goto	u137
   590  07F4  0BF2               	decfsz	??_main,f
   591  07F5  2FF2               	goto	u137
   592  07F6  0BF3               	decfsz	??_main+1,f
   593  07F7  2FF2               	goto	u137
   594  07F8  2F65               	goto	l644
   595  07F9  3180  2802         	ljmp	start
   596  07FB                     __end_of_main:
   597                           
   598                           	psect	text1
   599  074E                     __ptext1:	
   600 ;; *************** function _PIN_MANAGER_Initialize *****************
   601 ;; Defined at:
   602 ;;		line 54 in file "main.c"
   603 ;; Parameters:    Size  Location     Type
   604 ;;		None
   605 ;; Auto vars:     Size  Location     Type
   606 ;;		None
   607 ;; Return value:  Size  Location     Type
   608 ;;                  1    wreg      void 
   609 ;; Registers used:
   610 ;;		status,2
   611 ;; Tracked objects:
   612 ;;		On entry : 0/0
   613 ;;		On exit  : 0/0
   614 ;;		Unchanged: 0/0
   615 ;; Data sizes:     COMMON   BANK0   BANK1   BANK2   BANK3   BANK4   BANK5   BANK6
   616 ;;      Params:         0       0       0       0       0       0       0       0
   617 ;;      Locals:         0       0       0       0       0       0       0       0
   618 ;;      Temps:          0       0       0       0       0       0       0       0
   619 ;;      Totals:         0       0       0       0       0       0       0       0
   620 ;;Total ram usage:        0 bytes
   621 ;; Hardware stack levels used: 1
   622 ;; This function calls:
   623 ;;		Nothing
   624 ;; This function is called by:
   625 ;;		_main
   626 ;; This function uses a non-reentrant model
   627 ;;
   628                           
   629                           
   630                           ;psect for function _PIN_MANAGER_Initialize
   631  074E                     _PIN_MANAGER_Initialize:
   632  074E                     l604:	
   633                           ;incstack = 0
   634                           ; Regs used in _PIN_MANAGER_Initialize: [status,2]
   635                           
   636                           
   637                           ;main.c: 57:     LATA = 0x00;
   638  074E  0140               	movlb	0	; select bank0
   639  074F  0198               	clrf	24	;volatile
   640                           
   641                           ;main.c: 58:     LATB = 0x00;
   642  0750  0199               	clrf	25	;volatile
   643                           
   644                           ;main.c: 59:     LATC = 0x00;
   645  0751  019A               	clrf	26	;volatile
   646                           
   647                           ;main.c: 62:     ANSELC = 0x00 ;
   648  0752  017E               	movlb	62	; select bank62
   649  0753  01CE               	clrf	78	;volatile
   650                           
   651                           ;main.c: 63:     ANSELB = 0x00 ;
   652  0754  01C3               	clrf	67	;volatile
   653                           
   654                           ;main.c: 64:     ANSELA = 0x00 ;
   655  0755  01B8               	clrf	56	;volatile
   656  0756                     l606:
   657                           
   658                           ;main.c: 68:     TRISBbits.TRISB4 = 0;
   659  0756  0140               	movlb	0	; select bank0
   660  0757  1213               	bcf	19,4	;volatile
   661  0758                     l608:
   662                           
   663                           ;main.c: 69:     TRISBbits.TRISB6 = 0;
   664  0758  1313               	bcf	19,6	;volatile
   665  0759                     l610:
   666                           
   667                           ;main.c: 70:     TRISBbits.TRISB7 = 0;
   668  0759  1393               	bcf	19,7	;volatile
   669  075A                     l612:
   670                           
   671                           ;main.c: 71:     TRISCbits.TRISC4 = 0;
   672  075A  1214               	bcf	20,4	;volatile
   673  075B                     l614:
   674                           
   675                           ;main.c: 72:     TRISCbits.TRISC5 = 0;
   676  075B  1294               	bcf	20,5	;volatile
   677  075C                     l616:
   678                           
   679                           ;main.c: 73:     TRISCbits.TRISC6 = 0;
   680  075C  1314               	bcf	20,6	;volatile
   681  075D                     l618:
   682                           
   683                           ;main.c: 74:     TRISCbits.TRISC7 = 0;
   684  075D  1394               	bcf	20,7	;volatile
   685  075E                     l65:
   686  075E  0008               	return
   687  075F                     __end_of_PIN_MANAGER_Initialize:
   688                           
   689                           	psect	text2
   690  0749                     __ptext2:	
   691 ;; *************** function _OSCILLATOR_Initialize *****************
   692 ;; Defined at:
   693 ;;		line 80 in file "main.c"
   694 ;; Parameters:    Size  Location     Type
   695 ;;		None
   696 ;; Auto vars:     Size  Location     Type
   697 ;;		None
   698 ;; Return value:  Size  Location     Type
   699 ;;                  1    wreg      void 
   700 ;; Registers used:
   701 ;;		status,2
   702 ;; Tracked objects:
   703 ;;		On entry : 0/0
   704 ;;		On exit  : 0/0
   705 ;;		Unchanged: 0/0
   706 ;; Data sizes:     COMMON   BANK0   BANK1   BANK2   BANK3   BANK4   BANK5   BANK6
   707 ;;      Params:         0       0       0       0       0       0       0       0
   708 ;;      Locals:         0       0       0       0       0       0       0       0
   709 ;;      Temps:          0       0       0       0       0       0       0       0
   710 ;;      Totals:         0       0       0       0       0       0       0       0
   711 ;;Total ram usage:        0 bytes
   712 ;; Hardware stack levels used: 1
   713 ;; This function calls:
   714 ;;		Nothing
   715 ;; This function is called by:
   716 ;;		_main
   717 ;; This function uses a non-reentrant model
   718 ;;
   719                           
   720                           
   721                           ;psect for function _OSCILLATOR_Initialize
   722  0749                     _OSCILLATOR_Initialize:
   723  0749                     l620:	
   724                           ;incstack = 0
   725                           ; Regs used in _OSCILLATOR_Initialize: [status,2]
   726                           
   727                           
   728                           ;main.c: 82:     OSCEN = 0x00;
   729  0749  0151               	movlb	17	; select bank17
   730  074A  0191               	clrf	17	;volatile
   731                           
   732                           ;main.c: 83:     OSCFRQ = 0x00;
   733  074B  0193               	clrf	19	;volatile
   734                           
   735                           ;main.c: 84:     OSCTUNE = 0x00;
   736  074C  0192               	clrf	18	;volatile
   737  074D                     l68:
   738  074D  0008               	return
   739  074E                     __end_of_OSCILLATOR_Initialize:
   740  007E                     btemp	set	126	;btemp
   741  007E                     wtemp0	set	126
   742                           
   743                           	psect	config
   744                           
   745                           ;Config register CONFIG1 @ 0x8007
   746                           ;	External Oscillator Mode Selection bits
   747                           ;	FEXTOSC = OFF, Oscillator not enabled
   748                           ;	Power-up Default Value for COSC bits
   749                           ;	RSTOSC = HFINTOSC_1MHZ, HFINTOSC (1 MHz)
   750                           ;	Clock Out Enable bit
   751                           ;	CLKOUTEN = OFF, CLKOUT function is disabled; I/O function on RA4
   752                           ;	VDD Range Analog Calibration Selection bit
   753                           ;	VDDAR = HI, Internal analog systems are calibrated for operation between VDD = 2.3V - 
      +                          5.5V
   754  8007                     	org	32775
   755  8007  3FED               	dw	16365
   756                           
   757                           ;Config register CONFIG2 @ 0x8008
   758                           ;	Master Clear Enable bit
   759                           ;	MCLRE = EXTMCLR, If LVP = 0, MCLR pin is MCLR; If LVP = 1, RA3 pin function is MCLR
   760                           ;	Power-up Timer Selection bits
   761                           ;	PWRTS = PWRT_OFF, PWRT is disabled
   762                           ;	WDT Operating Mode bits
   763                           ;	WDTE = OFF, WDT disabled; SEN is ignored
   764                           ;	Brown-out Reset Enable bits
   765                           ;	BOREN = ON, Brown-out Reset Enabled, SBOREN bit is ignored
   766                           ;	Brown-out Reset Voltage Selection bit
   767                           ;	BORV = LO, Brown-out Reset Voltage (VBOR) set to 1.9V
   768                           ;	PPSLOCKED One-Way Set Enable bit
   769                           ;	PPS1WAY = ON, The PPSLOCKED bit can be cleared and set only once in software
   770                           ;	Stack Overflow/Underflow Reset Enable bit
   771                           ;	STVREN = ON, Stack Overflow or Underflow will cause a reset
   772  8008                     	org	32776
   773  8008  3FE7               	dw	16359
   774                           
   775                           ;Config register CONFIG4 @ 0x800A
   776                           ;	Boot Block Size Selection bits
   777                           ;	BBSIZE = BB512, 512 words boot block size
   778                           ;	Boot Block Enable bit
   779                           ;	BBEN = OFF, Boot Block is disabled
   780                           ;	SAF Enable bit
   781                           ;	SAFEN = OFF, SAF is disabled
   782                           ;	Application Block Write Protection bit
   783                           ;	WRTAPP = OFF, Application Block is not write-protected
   784                           ;	Boot Block Write Protection bit
   785                           ;	WRTB = OFF, Boot Block is not write-protected
   786                           ;	Configuration Registers Write Protection bit
   787                           ;	WRTC = OFF, Configuration Registers are not write-protected
   788                           ;	Storage Area Flash (SAF) Write Protection bit
   789                           ;	WRTSAF = OFF, SAF is not write-protected
   790                           ;	Low Voltage Programming Enable bit
   791                           ;	LVP = ON, Low Voltage programming enabled. MCLR/Vpp pin function is MCLR. MCLRE Config
      +                          uration bit is ignored.
   792  800A                     	org	32778
   793  800A  3FFF               	dw	16383
   794                           
   795                           ;Config register CONFIG5 @ 0x800B
   796                           ;	User Program Flash Memory Code Protection bit
   797                           ;	CP = OFF, User Program Flash Memory code protection is disabled
   798  800B                     	org	32779
   799  800B  3FFF               	dw	16383

Data Sizes:
    Strings     0
    Constant    0
    Data        0
    BSS         2
    Persistent  32
    Stack       0

Auto Spaces:
    Space          Size  Autos    Used
    COMMON           14      2       4
    BANK0            80      0       0
    BANK1            80      0       0
    BANK2            80      0       0
    BANK3            80      0       0
    BANK4            80      0       0
    BANK5            80      0       0
    BANK6            16      0       0

Pointer List with Targets:

    None.

Critical Paths under _main in COMMON

    None.

Critical Paths under _main in BANK0

    None.

Critical Paths under _main in BANK1

    None.

Critical Paths under _main in BANK2

    None.

Critical Paths under _main in BANK3

    None.

Critical Paths under _main in BANK4

    None.

Critical Paths under _main in BANK5

    None.

Critical Paths under _main in BANK6

    None.

Call Graph Tables:

 ---------------------------------------------------------------------------------
 (Depth) Function   	        Calls       Base Space   Used Autos Params    Refs
 ---------------------------------------------------------------------------------
 (0) _main                                                 3     3      0       0
                                              0 COMMON     2     2      0
              _OSCILLATOR_Initialize
             _PIN_MANAGER_Initialize
 ---------------------------------------------------------------------------------
 (1) _PIN_MANAGER_Initialize                               0     0      0       0
 ---------------------------------------------------------------------------------
 (1) _OSCILLATOR_Initialize                                0     0      0       0
 ---------------------------------------------------------------------------------
 Estimated maximum stack depth 1
 ---------------------------------------------------------------------------------

 Call Graph Graphs:

 _main (ROOT)
   _OSCILLATOR_Initialize
   _PIN_MANAGER_Initialize

 Address spaces:
Name               Size   Autos  Total    Cost      Usage
BIGRAM             1F0      0       0       0        0.0%
NULL                 0      0       0       0        0.0%
CODE                 0      0       0       0        0.0%
BITCOMMON            E      0       0       1        0.0%
BITSFR0              0      0       0       1        0.0%
SFR0                 0      0       0       1        0.0%
COMMON               E      2       4       2       28.6%
BITSFR1              0      0       0       2        0.0%
SFR1                 0      0       0       2        0.0%
BITSFR2              0      0       0       3        0.0%
SFR2                 0      0       0       3        0.0%
STACK                0      0       0       3        0.0%
BITSFR3              0      0       0       4        0.0%
SFR3                 0      0       0       4        0.0%
ABS                  0      0       4       4        0.0%
BITBANK0            50      0       0       5        0.0%
BITSFR4              0      0       0       5        0.0%
SFR4                 0      0       0       5        0.0%
BANK0               50      0       0       6        0.0%
BITSFR5              0      0       0       6        0.0%
SFR5                 0      0       0       6        0.0%
BITBANK1            50      0       0       7        0.0%
BITSFR6              0      0       0       7        0.0%
SFR6                 0      0       0       7        0.0%
BANK1               50      0       0       8        0.0%
BITSFR7              0      0       0       8        0.0%
SFR7                 0      0       0       8        0.0%
BITBANK2            50      0       0       9        0.0%
BITSFR8              0      0       0       9        0.0%
SFR8                 0      0       0       9        0.0%
BANK2               50      0       0      10        0.0%
BITSFR9              0      0       0      10        0.0%
SFR9                 0      0       0      10        0.0%
BITBANK3            50      0       0      11        0.0%
BITSFR10             0      0       0      11        0.0%
SFR10                0      0       0      11        0.0%
BANK3               50      0       0      12        0.0%
BITSFR11             0      0       0      12        0.0%
SFR11                0      0       0      12        0.0%
BITBANK4            50      0       0      13        0.0%
BITSFR12             0      0       0      13        0.0%
SFR12                0      0       0      13        0.0%
BANK4               50      0       0      14        0.0%
BITSFR13             0      0       0      14        0.0%
SFR13                0      0       0      14        0.0%
BITBANK5            50      0       0      15        0.0%
BITSFR14             0      0       0      15        0.0%
SFR14                0      0       0      15        0.0%
BANK5               50      0       0      16        0.0%
BITSFR15             0      0       0      16        0.0%
SFR15                0      0       0      16        0.0%
BITBANK6            10      0       0      17        0.0%
BITSFR16             0      0       0      17        0.0%
SFR16                0      0       0      17        0.0%
BANK6               10      0       0      18        0.0%
BITSFR17             0      0       0      18        0.0%
SFR17                0      0       0      18        0.0%
BITSFR18             0      0       0      19        0.0%
SFR18                0      0       0      19        0.0%
DATA                 0      0       4      19        0.0%
BITSFR19             0      0       0      20        0.0%
SFR19                0      0       0      20        0.0%
BITSFR20             0      0       0      21        0.0%
SFR20                0      0       0      21        0.0%
BITSFR21             0      0       0      22        0.0%
SFR21                0      0       0      22        0.0%
BITSFR22             0      0       0      23        0.0%
SFR22                0      0       0      23        0.0%
BITSFR23             0      0       0      24        0.0%
SFR23                0      0       0      24        0.0%
BITSFR24             0      0       0      25        0.0%
SFR24                0      0       0      25        0.0%
BITSFR25             0      0       0      26        0.0%
SFR25                0      0       0      26        0.0%
BITSFR26             0      0       0      27        0.0%
SFR26                0      0       0      27        0.0%
BITSFR27             0      0       0      28        0.0%
SFR27                0      0       0      28        0.0%
BITSFR28             0      0       0      29        0.0%
SFR28                0      0       0      29        0.0%
BITSFR29             0      0       0      30        0.0%
SFR29                0      0       0      30        0.0%
BITSFR30             0      0       0      31        0.0%
SFR30                0      0       0      31        0.0%
BITSFR31             0      0       0      32        0.0%
SFR31                0      0       0      32        0.0%
BITSFR32             0      0       0      33        0.0%
SFR32                0      0       0      33        0.0%
BITSFR33             0      0       0      34        0.0%
SFR33                0      0       0      34        0.0%
BITSFR34             0      0       0      35        0.0%
SFR34                0      0       0      35        0.0%
BITSFR35             0      0       0      36        0.0%
SFR35                0      0       0      36        0.0%
BITSFR36             0      0       0      37        0.0%
SFR36                0      0       0      37        0.0%
BITSFR37             0      0       0      38        0.0%
SFR37                0      0       0      38        0.0%
BITSFR38             0      0       0      39        0.0%
SFR38                0      0       0      39        0.0%
BITSFR39             0      0       0      40        0.0%
SFR39                0      0       0      40        0.0%
BITSFR40             0      0       0      41        0.0%
SFR40                0      0       0      41        0.0%
BITSFR41             0      0       0      42        0.0%
SFR41                0      0       0      42        0.0%
BITSFR42             0      0       0      43        0.0%
SFR42                0      0       0      43        0.0%
BITSFR43             0      0       0      44        0.0%
SFR43                0      0       0      44        0.0%
BITSFR44             0      0       0      45        0.0%
SFR44                0      0       0      45        0.0%
BITSFR45             0      0       0      46        0.0%
SFR45                0      0       0      46        0.0%
BITSFR46             0      0       0      47        0.0%
SFR46                0      0       0      47        0.0%
BITSFR47             0      0       0      48        0.0%
SFR47                0      0       0      48        0.0%
BITSFR48             0      0       0      49        0.0%
SFR48                0      0       0      49        0.0%
BITSFR49             0      0       0      50        0.0%
SFR49                0      0       0      50        0.0%
BITSFR50             0      0       0      51        0.0%
SFR50                0      0       0      51        0.0%
BITSFR51             0      0       0      52        0.0%
SFR51                0      0       0      52        0.0%
BITSFR52             0      0       0      53        0.0%
SFR52                0      0       0      53        0.0%
BITSFR53             0      0       0      54        0.0%
SFR53                0      0       0      54        0.0%
BITSFR54             0      0       0      55        0.0%
SFR54                0      0       0      55        0.0%
BITSFR55             0      0       0      56        0.0%
SFR55                0      0       0      56        0.0%
BITSFR56             0      0       0      57        0.0%
SFR56                0      0       0      57        0.0%
BITSFR57             0      0       0      58        0.0%
SFR57                0      0       0      58        0.0%
BITSFR58             0      0       0      59        0.0%
SFR58                0      0       0      59        0.0%
BITSFR59             0      0       0      60        0.0%
SFR59                0      0       0      60        0.0%
BITSFR60             0      0       0      61        0.0%
SFR60                0      0       0      61        0.0%
BITSFR61             0      0       0      62        0.0%
SFR61                0      0       0      62        0.0%
BITSFR62             0      0       0      63        0.0%
SFR62                0      0       0      63        0.0%
BITSFR63             0      0       0      64        0.0%
SFR63                0      0       0      64        0.0%


Microchip Technology PIC Macro Assembler V2.32 build 20210201212658 
Symbol Table                                                                                   Tue May 25 17:14:50 2021

                             l65 075E                               l68 074D                               u47 076E  
                             u57 077E                               u67 078D                               u77 079D  
                             u87 07AB                               u97 07BA                              l610 0759  
                            l620 0749                              l612 075A                              l604 074E  
                            l700 07DD                              l614 075B                              l606 0756  
                            l702 07DF                              l616 075C                              l608 0758  
                            l704 07EB                              l640 075F                              l618 075D  
                            l706 07ED                              l650 0769                              l642 0765  
                            l660 0784                              l652 0775                              l644 0765  
                            l670 0796                              l662 0786                              l654 0777  
                            l646 0767                              l680 07A6                              l672 0797  
                            l664 0787                              l656 0778                              l648 0768  
                            l690 07C2                              l682 07B2                              l674 0798  
                            l666 0788                              l658 0779                              l692 07C3  
                            l684 07B4                              l676 07A3                              l668 0794  
                            l694 07CF                              l686 07B5                              l678 07A5  
                            l696 07D1                              l688 07C0                              l698 07D2  
                            u107 07C8                              u117 07D7                              u127 07E4  
                            u137 07F2                              wreg 0009                             _LATA 0018  
                           _LATB 0019                             _LATC 001A                             _main 075F  
                           btemp 007E                             _stop 0070                             start 0002  
 __size_of_OSCILLATOR_Initialize 0005    __end_of_OSCILLATOR_Initialize 074E                            ?_main 0072  
                          _OSCEN 0891                            wtemp0 007E                  __initialization 07FB  
                   __end_of_main 07FB                           ??_main 0072                           _ANSELA 1F38  
                         _ANSELB 1F43                           _ANSELC 1F4E                           _RC1REG 0119  
                         _SP1BRG 011B                           _OSCFRQ 0893                           _TX1REG 011A  
        __end_of__initialization 07FD                   __pcstackCOMMON 0072                       __pmaintext 075F  
                        _OSCTUNE 0892                          __ptext1 074E                          __ptext2 0749  
          _OSCILLATOR_Initialize 0749         ??_PIN_MANAGER_Initialize 0072             end_of_initialization 07FD  
                      _PORTBbits 000D                        _PORTCbits 000E                        _TRISBbits 0013  
                      _TRISCbits 0014           ?_OSCILLATOR_Initialize 0072              start_initialization 07FB  
__size_of_PIN_MANAGER_Initialize 0011                      __pbssCOMMON 0070                        ___latbits 0001  
         _PIN_MANAGER_Initialize 074E                         _PIR1bits 070D          ??_OSCILLATOR_Initialize 0072  
                  __size_of_main 009C                       _RC1STAbits 011D          ?_PIN_MANAGER_Initialize 0072  
                     _TX1STAbits 011E   __end_of_PIN_MANAGER_Initialize 075F  
